Started by an SCM change
Obtained Jenkinsfile from git git@github.com:jayakrishnandingit/bookmarky.git
Running in Durability level: MAX_SURVIVABILITY
[Pipeline] node
Running on Jenkins in /var/lib/jenkins/workspace/bookmarky_pipeline
[Pipeline] {
[Pipeline] stage
[Pipeline] { (Declarative: Checkout SCM)
[Pipeline] checkout
 > git rev-parse --is-inside-work-tree # timeout=10
Fetching changes from the remote Git repository
 > git config remote.origin.url git@github.com:jayakrishnandingit/bookmarky.git # timeout=10
Fetching upstream changes from git@github.com:jayakrishnandingit/bookmarky.git
 > git --version # timeout=10
using GIT_SSH to set credentials GitHub SSH Auth for Mekha Ubuntu
 > git fetch --tags --progress git@github.com:jayakrishnandingit/bookmarky.git +refs/heads/*:refs/remotes/origin/*
 > git rev-parse refs/remotes/origin/master^{commit} # timeout=10
 > git rev-parse refs/remotes/origin/origin/master^{commit} # timeout=10
Checking out Revision d71f83e028c26570fc23585098ed320ad879dd84 (refs/remotes/origin/master)
 > git config core.sparsecheckout # timeout=10
 > git checkout -f d71f83e028c26570fc23585098ed320ad879dd84
Commit message: "Removed appending docker-compose path to PATH env var."
 > git rev-list --no-walk 6b633aa95f9c5994096ec237ed5fd4c0de70f492 # timeout=10
[Pipeline] }
[Pipeline] // stage
[Pipeline] withEnv
[Pipeline] {
[Pipeline] stage
[Pipeline] { (Declarative: Agent Setup)
[Pipeline] isUnix
[Pipeline] readFile
[Pipeline] sh
[bookmarky_pipeline] Running shell script
+ docker build -t 612063a67d438d587990c54e776186195ab893c0 -f Dockerfile .
Sending build context to Docker daemon  120.3kB

Step 1/7 : FROM python:3
 ---> d69bc9d9b016
Step 2/7 : ENV PYTHONUNBUFFERED 1
 ---> Using cache
 ---> c8114b14d108
Step 3/7 : RUN mkdir /bookmarky
 ---> Using cache
 ---> ed1c0ff65f3a
Step 4/7 : WORKDIR /bookmarky
 ---> Using cache
 ---> 60549ba1a538
Step 5/7 : ADD requirements.txt /bookmarky
 ---> Using cache
 ---> 9f37896a043e
Step 6/7 : RUN pip install -r requirements.txt
 ---> Using cache
 ---> fb0599adada8
Step 7/7 : ADD . /bookmarky/
 ---> 2626115062c1
Successfully built 2626115062c1
Successfully tagged 612063a67d438d587990c54e776186195ab893c0:latest
[Pipeline] dockerFingerprintFrom
[Pipeline] }
[Pipeline] // stage
[Pipeline] sh
[bookmarky_pipeline] Running shell script
+ docker inspect -f . 612063a67d438d587990c54e776186195ab893c0
.
[Pipeline] withDockerContainer
Jenkins does not seem to be running inside a container
$ docker run -t -d -u 121:127 -w /var/lib/jenkins/workspace/bookmarky_pipeline -v /var/lib/jenkins/workspace/bookmarky_pipeline:/var/lib/jenkins/workspace/bookmarky_pipeline:rw,z -v /var/lib/jenkins/workspace/bookmarky_pipeline@tmp:/var/lib/jenkins/workspace/bookmarky_pipeline@tmp:rw,z -e ******** -e ******** -e ******** -e ******** -e ******** -e ******** -e ******** -e ******** -e ******** -e ******** -e ******** -e ******** -e ******** -e ******** -e ******** -e ******** -e ******** -e ******** -e ******** -e ******** -e ******** -e ******** -e ******** -e ******** -e ******** -e ******** 612063a67d438d587990c54e776186195ab893c0 cat
$ docker top 031ee5b5e28fa403cd7dbf933ade85db2a97174f9869202982ef075593faa580 -eo pid,comm
[Pipeline] {
[Pipeline] stage
[Pipeline] { (build)
[Pipeline] sh
[bookmarky_pipeline] Running shell script
+ flake8 .
[Pipeline] sh
[bookmarky_pipeline] Running shell script
+ docker-compose run web python3 manage.py test -k
/var/lib/jenkins/workspace/bookmarky_pipeline@tmp/durable-8da761ac/script.sh: 2: /var/lib/jenkins/workspace/bookmarky_pipeline@tmp/durable-8da761ac/script.sh: docker-compose: not found
[Pipeline] }
[Pipeline] // stage
[Pipeline] }
$ docker stop --time=1 031ee5b5e28fa403cd7dbf933ade85db2a97174f9869202982ef075593faa580
$ docker rm -f 031ee5b5e28fa403cd7dbf933ade85db2a97174f9869202982ef075593faa580
[Pipeline] // withDockerContainer
[Pipeline] }
[Pipeline] // withEnv
[Pipeline] }
[Pipeline] // node
[Pipeline] End of Pipeline
ERROR: script returned exit code 127
Finished: FAILURE
